###### CONFIGURATION ######
batch_size: 64
batches_per_epoch_train: 1
batches_per_epoch_val: 1
channels: 3
classes: 6
directory_map: {'IRIS-CRYST-CAOX': 'Other', 'IRIS-CLUMP-YSTS': 'Other', 'IRIS-RBC': 'RBC', 'IRIS-CLUMP-WBCC': 'WBC', 'IRIS-NSQEP-REEP': 'Other', 'IRIS-NHYAL-CELL': 'Other', 'IRIS-HYAL': 'Hyaline_Casts', 'IRIS-CRYST-CAPH': 'Other', 'IRIS-BACT': 'Bacteria', 'IRIS-NSQEP-TREP': 'Other', 'IRIS-SQEP': 'SQEP', 'IRIS-CRYST-URIC': 'Other', 'IRIS-WBC': 'WBC', 'IRIS-SPRM': 'Other', 'IRIS-NHYAL-GRAN': 'Other', 'IRIS-CRYST-TPO4': 'Other'}
epoch: 1
image_shape: (56, 56, 3)
input_weights_file: ./model_storage/vgg16_weights_tf_dim_ordering_tf_kernels_notop.h5
log_dir: ./log/keras/20171127_iris_experiment/
log_file_name: experiment.log
log_name: TF_logger
logger: <logging.Logger object at 0x11d7cdfd0>
optimizer: <tensorflow.python.keras._impl.keras.optimizers.Adam object at 0x11d7ae050>
original_data_dir: ./data/IRIS_data/IrisDB_base/
output_model_file: ./model_storage/v2_classification/IRIS/20171126_vgg16_customTF_dev.h5
root_dir: ./data/IRIS_data/keras_directory/20171127_input_data/
save_to_dir_bool: False
target_size: (56, 56)
tl_freeze_layer: block5_pool
train_dir: ./data/IRIS_data/keras_directory/20171127_input_data/Training/
val_dir: ./data/IRIS_data/keras_directory/20171127_input_data/Validation/
validation_percent: 0.2
###### CONFIGURATION ###### 


###### DATA ######
Total Training Data: 10969
Total Validation Data: 2744
Images Per Class: defaultdict(<type 'int'>, {'SQEP': 1000, 'Other': 7713, 'Hyaline_Casts': 1000, 'WBC': 2000, 'RBC': 1000, 'Bacteria': 1000})
###### DATA ######  


_________________________________________________________________
Layer (type)                 Output Shape              Param #   
=================================================================
input_1 (InputLayer)         (None, 56, 56, 3)         0         
_________________________________________________________________
block1_conv1 (Conv2D)        (None, 56, 56, 64)        1792      
_________________________________________________________________
block1_conv2 (Conv2D)        (None, 56, 56, 64)        36928     
_________________________________________________________________
block1_pool (MaxPooling2D)   (None, 28, 28, 64)        0         
_________________________________________________________________
block2_conv1 (Conv2D)        (None, 28, 28, 128)       73856     
_________________________________________________________________
block2_conv2 (Conv2D)        (None, 28, 28, 128)       147584    
_________________________________________________________________
block2_pool (MaxPooling2D)   (None, 14, 14, 128)       0         
_________________________________________________________________
block3_conv1 (Conv2D)        (None, 14, 14, 256)       295168    
_________________________________________________________________
block3_conv2 (Conv2D)        (None, 14, 14, 256)       590080    
_________________________________________________________________
block3_conv3 (Conv2D)        (None, 14, 14, 256)       590080    
_________________________________________________________________
block3_pool (MaxPooling2D)   (None, 7, 7, 256)         0         
_________________________________________________________________
block4_conv1 (Conv2D)        (None, 7, 7, 512)         1180160   
_________________________________________________________________
block4_conv2 (Conv2D)        (None, 7, 7, 512)         2359808   
_________________________________________________________________
block4_conv3 (Conv2D)        (None, 7, 7, 512)         2359808   
_________________________________________________________________
block4_pool (MaxPooling2D)   (None, 3, 3, 512)         0         
_________________________________________________________________
block5_conv1 (Conv2D)        (None, 3, 3, 512)         2359808   
_________________________________________________________________
block5_conv2 (Conv2D)        (None, 3, 3, 512)         2359808   
_________________________________________________________________
block5_conv3 (Conv2D)        (None, 3, 3, 512)         2359808   
_________________________________________________________________
block5_pool (MaxPooling2D)   (None, 1, 1, 512)         0         
_________________________________________________________________
global_average_pooling2d_1 ( (None, 512)               0         
_________________________________________________________________
fc1 (Dense)                  (None, 1024)              525312    
_________________________________________________________________
predictions (Dense)          (None, 6)                 6150      
=================================================================
Total params: 15,246,150
Trainable params: 531,462
Non-trainable params: 14,714,688
_________________________________________________________________
{'val_categorical_accuracy': [0.125], 'loss': [13.497678756713867], 'val_loss': [13.159696578979492], 'val_acc': [0.125], 'categorical_accuracy': [0.09375], 'acc': [0.09375]}
